<?xml version="1.0" encoding="UTF-8"?>
<coverage generated="1466674440">
  <project timestamp="1466674440">
    <package name="Zver">
      <file name="C:\OpenServer\domains\array-helper\src\Zver/ArrayHelper.php">
        <class name="ArrayHelper" namespace="Zver" fullPackage="Zver" package="Zver">
          <metrics complexity="96" methods="44" coveredmethods="44" conditionals="0" coveredconditionals="0" statements="198" coveredstatements="198" elements="242" coveredelements="242"/>
        </class>
        <line num="29" type="method" name="__construct" visibility="private" complexity="1" crap="1" count="33"/>
        <line num="31" type="stmt" count="33"/>
        <line num="32" type="stmt" count="33"/>
        <line num="59" type="method" name="range" visibility="public" complexity="1" crap="1" count="1"/>
        <line num="61" type="stmt" count="1"/>
        <line num="79" type="method" name="load" visibility="public" complexity="1" crap="1" count="33"/>
        <line num="81" type="stmt" count="33"/>
        <line num="93" type="method" name="explode" visibility="public" complexity="1" crap="1" count="1"/>
        <line num="95" type="stmt" count="1"/>
        <line num="136" type="method" name="combine" visibility="public" complexity="4" crap="4" count="1"/>
        <line num="138" type="stmt" count="1"/>
        <line num="140" type="stmt" count="1"/>
        <line num="142" type="stmt" count="1"/>
        <line num="144" type="stmt" count="1"/>
        <line num="145" type="stmt" count="1"/>
        <line num="146" type="stmt" count="1"/>
        <line num="147" type="stmt" count="1"/>
        <line num="148" type="stmt" count="1"/>
        <line num="149" type="stmt" count="1"/>
        <line num="151" type="stmt" count="1"/>
        <line num="173" type="method" name="getClone" visibility="public" complexity="1" crap="1" count="1"/>
        <line num="175" type="stmt" count="1"/>
        <line num="187" type="method" name="join" visibility="public" complexity="1" crap="1" count="1"/>
        <line num="189" type="stmt" count="1"/>
        <line num="216" type="method" name="implode" visibility="public" complexity="6" crap="6" count="1"/>
        <line num="218" type="stmt" count="1"/>
        <line num="219" type="stmt" count="1"/>
        <line num="222" type="stmt" count="1"/>
        <line num="223" type="stmt" count="1"/>
        <line num="224" type="stmt" count="1"/>
        <line num="225" type="stmt" count="1"/>
        <line num="226" type="stmt" count="1"/>
        <line num="227" type="stmt" count="1"/>
        <line num="228" type="stmt" count="1"/>
        <line num="229" type="stmt" count="1"/>
        <line num="230" type="stmt" count="1"/>
        <line num="231" type="stmt" count="1"/>
        <line num="232" type="stmt" count="1"/>
        <line num="234" type="stmt" count="1"/>
        <line num="244" type="method" name="walk" visibility="public" complexity="3" crap="3" count="5"/>
        <line num="246" type="stmt" count="5"/>
        <line num="249" type="stmt" count="5"/>
        <line num="250" type="stmt" count="5"/>
        <line num="251" type="stmt" count="5"/>
        <line num="252" type="stmt" count="5"/>
        <line num="253" type="stmt" count="5"/>
        <line num="254" type="stmt" count="5"/>
        <line num="255" type="stmt" count="5"/>
        <line num="258" type="stmt" count="5"/>
        <line num="260" type="stmt" count="5"/>
        <line num="262" type="stmt" count="5"/>
        <line num="274" type="method" name="replaceArray" visibility="public" complexity="1" crap="1" count="3"/>
        <line num="276" type="stmt" count="3"/>
        <line num="296" type="method" name="set" visibility="public" complexity="1" crap="1" count="5"/>
        <line num="298" type="stmt" count="5"/>
        <line num="300" type="stmt" count="5"/>
        <line num="308" type="method" name="reverse" visibility="public" complexity="1" crap="1" count="2"/>
        <line num="310" type="stmt" count="2"/>
        <line num="311" type="stmt" count="2"/>
        <line num="319" type="method" name="reverseValues" visibility="public" complexity="2" crap="2" count="3"/>
        <line num="321" type="stmt" count="3"/>
        <line num="322" type="stmt" count="3"/>
        <line num="324" type="stmt" count="3"/>
        <line num="326" type="stmt" count="3"/>
        <line num="328" type="stmt" count="3"/>
        <line num="329" type="stmt" count="3"/>
        <line num="331" type="stmt" count="3"/>
        <line num="333" type="stmt" count="3"/>
        <line num="341" type="method" name="reverseKeys" visibility="public" complexity="2" crap="2" count="3"/>
        <line num="343" type="stmt" count="3"/>
        <line num="344" type="stmt" count="3"/>
        <line num="346" type="stmt" count="3"/>
        <line num="348" type="stmt" count="3"/>
        <line num="350" type="stmt" count="3"/>
        <line num="351" type="stmt" count="3"/>
        <line num="353" type="stmt" count="3"/>
        <line num="355" type="stmt" count="3"/>
        <line num="363" type="method" name="getKeys" visibility="public" complexity="1" crap="1" count="9"/>
        <line num="365" type="stmt" count="9"/>
        <line num="373" type="method" name="getValues" visibility="public" complexity="1" crap="1" count="14"/>
        <line num="375" type="stmt" count="14"/>
        <line num="378" type="method" name="getLastValueUnset" visibility="public" complexity="2" crap="2" count="2"/>
        <line num="380" type="stmt" count="2"/>
        <line num="381" type="stmt" count="2"/>
        <line num="382" type="stmt" count="1"/>
        <line num="385" type="stmt" count="1"/>
        <line num="386" type="stmt" count="1"/>
        <line num="388" type="stmt" count="1"/>
        <line num="396" type="method" name="isEmpty" visibility="public" complexity="1" crap="1" count="9"/>
        <line num="398" type="stmt" count="9"/>
        <line num="407" type="method" name="getLastValue" visibility="public" complexity="2" crap="2" count="4"/>
        <line num="409" type="stmt" count="4"/>
        <line num="410" type="stmt" count="4"/>
        <line num="411" type="stmt" count="1"/>
        <line num="414" type="stmt" count="3"/>
        <line num="415" type="stmt" count="3"/>
        <line num="417" type="stmt" count="3"/>
        <line num="426" type="method" name="getLastKey" visibility="public" complexity="2" crap="2" count="3"/>
        <line num="428" type="stmt" count="3"/>
        <line num="429" type="stmt" count="3"/>
        <line num="430" type="stmt" count="1"/>
        <line num="433" type="stmt" count="2"/>
        <line num="434" type="stmt" count="2"/>
        <line num="437" type="method" name="getFirstValueUnset" visibility="public" complexity="2" crap="2" count="2"/>
        <line num="439" type="stmt" count="2"/>
        <line num="440" type="stmt" count="2"/>
        <line num="441" type="stmt" count="1"/>
        <line num="444" type="stmt" count="1"/>
        <line num="445" type="stmt" count="1"/>
        <line num="447" type="stmt" count="1"/>
        <line num="456" type="method" name="getFirstValue" visibility="public" complexity="2" crap="2" count="3"/>
        <line num="458" type="stmt" count="3"/>
        <line num="459" type="stmt" count="3"/>
        <line num="460" type="stmt" count="1"/>
        <line num="463" type="stmt" count="2"/>
        <line num="465" type="stmt" count="2"/>
        <line num="475" type="method" name="getFirstKey" visibility="public" complexity="2" crap="2" count="3"/>
        <line num="477" type="stmt" count="3"/>
        <line num="478" type="stmt" count="3"/>
        <line num="479" type="stmt" count="1"/>
        <line num="482" type="stmt" count="2"/>
        <line num="484" type="stmt" count="2"/>
        <line num="493" type="method" name="flip" visibility="public" complexity="1" crap="1" count="1"/>
        <line num="495" type="stmt" count="1"/>
        <line num="497" type="stmt" count="1"/>
        <line num="506" type="method" name="getArray" visibility="public" complexity="1" crap="1" count="14"/>
        <line num="508" type="stmt" count="14"/>
        <line num="520" type="method" name="setArray" visibility="public" complexity="1" crap="1" count="1"/>
        <line num="522" type="stmt" count="1"/>
        <line num="530" type="method" name="get" visibility="public" complexity="1" crap="1" count="17"/>
        <line num="532" type="stmt" count="17"/>
        <line num="541" type="method" name="getLength" visibility="public" complexity="1" crap="1" count="1"/>
        <line num="543" type="stmt" count="1"/>
        <line num="551" type="method" name="count" visibility="public" complexity="1" crap="1" count="3"/>
        <line num="553" type="stmt" count="3"/>
        <line num="562" type="method" name="length" visibility="public" complexity="1" crap="1" count="1"/>
        <line num="564" type="stmt" count="1"/>
        <line num="573" type="method" name="getCount" visibility="public" complexity="1" crap="1" count="3"/>
        <line num="575" type="stmt" count="3"/>
        <line num="587" type="method" name="getAt" visibility="public" complexity="3" crap="3" count="2"/>
        <line num="590" type="stmt" count="2"/>
        <line num="591" type="stmt" count="2"/>
        <line num="592" type="stmt" count="1"/>
        <line num="595" type="stmt" count="2"/>
        <line num="596" type="stmt" count="2"/>
        <line num="597" type="stmt" count="2"/>
        <line num="598" type="stmt" count="1"/>
        <line num="602" type="stmt" count="1"/>
        <line num="615" type="method" name="isKeyExists" visibility="public" complexity="10" crap="10" count="1"/>
        <line num="617" type="stmt" count="1"/>
        <line num="618" type="stmt" count="1"/>
        <line num="621" type="stmt" count="1"/>
        <line num="622" type="stmt" count="1"/>
        <line num="623" type="stmt" count="1"/>
        <line num="624" type="stmt" count="1"/>
        <line num="625" type="stmt" count="1"/>
        <line num="626" type="stmt" count="1"/>
        <line num="628" type="stmt" count="1"/>
        <line num="630" type="stmt" count="1"/>
        <line num="631" type="stmt" count="1"/>
        <line num="632" type="stmt" count="1"/>
        <line num="633" type="stmt" count="1"/>
        <line num="635" type="stmt" count="1"/>
        <line num="636" type="stmt" count="1"/>
        <line num="637" type="stmt" count="1"/>
        <line num="639" type="stmt" count="1"/>
        <line num="640" type="stmt" count="1"/>
        <line num="641" type="stmt" count="1"/>
        <line num="642" type="stmt" count="1"/>
        <line num="643" type="stmt" count="1"/>
        <line num="644" type="stmt" count="1"/>
        <line num="645" type="stmt" count="1"/>
        <line num="647" type="stmt" count="1"/>
        <line num="660" type="method" name="isValueExists" visibility="public" complexity="10" crap="10" count="1"/>
        <line num="662" type="stmt" count="1"/>
        <line num="663" type="stmt" count="1"/>
        <line num="664" type="method" name="anonymous function" complexity="6" crap="6" count="1"/>
        <line num="666" type="stmt" count="1"/>
        <line num="667" type="stmt" count="1"/>
        <line num="668" type="stmt" count="1"/>
        <line num="669" type="stmt" count="1"/>
        <line num="670" type="stmt" count="1"/>
        <line num="671" type="stmt" count="1"/>
        <line num="673" type="stmt" count="1"/>
        <line num="675" type="stmt" count="1"/>
        <line num="676" type="stmt" count="1"/>
        <line num="677" type="stmt" count="1"/>
        <line num="678" type="stmt" count="1"/>
        <line num="680" type="stmt" count="1"/>
        <line num="681" type="stmt" count="1"/>
        <line num="682" type="stmt" count="1"/>
        <line num="684" type="stmt" count="1"/>
        <line num="685" type="stmt" count="1"/>
        <line num="686" type="stmt" count="1"/>
        <line num="687" type="stmt" count="1"/>
        <line num="688" type="stmt" count="1"/>
        <line num="689" type="stmt" count="1"/>
        <line num="690" type="stmt" count="1"/>
        <line num="692" type="stmt" count="1"/>
        <line num="702" type="method" name="convertToIndexed" visibility="public" complexity="3" crap="3" count="1"/>
        <line num="704" type="stmt" count="1"/>
        <line num="705" type="stmt" count="1"/>
        <line num="707" type="stmt" count="1"/>
        <line num="708" type="stmt" count="1"/>
        <line num="709" type="stmt" count="1"/>
        <line num="710" type="stmt" count="1"/>
        <line num="713" type="stmt" count="1"/>
        <line num="715" type="stmt" count="1"/>
        <line num="717" type="stmt" count="1"/>
        <line num="719" type="stmt" count="1"/>
        <line num="729" type="method" name="splitParts" visibility="public" complexity="3" crap="3" count="1"/>
        <line num="732" type="stmt" count="1"/>
        <line num="733" type="stmt" count="1"/>
        <line num="734" type="stmt" count="1"/>
        <line num="735" type="stmt" count="1"/>
        <line num="737" type="stmt" count="1"/>
        <line num="739" type="stmt" count="1"/>
        <line num="740" type="stmt" count="1"/>
        <line num="741" type="stmt" count="1"/>
        <line num="742" type="stmt" count="1"/>
        <line num="743" type="stmt" count="1"/>
        <line num="744" type="stmt" count="1"/>
        <line num="746" type="stmt" count="1"/>
        <line num="754" type="method" name="getIterator" visibility="public" complexity="1" crap="1" count="1"/>
        <line num="756" type="stmt" count="1"/>
        <line num="766" type="method" name="offsetExists" visibility="public" complexity="1" crap="1" count="1"/>
        <line num="768" type="stmt" count="1"/>
        <line num="778" type="method" name="offsetGet" visibility="public" complexity="2" crap="2" count="1"/>
        <line num="780" type="stmt" count="1"/>
        <line num="781" type="stmt" count="1"/>
        <line num="782" type="stmt" count="1"/>
        <line num="790" type="method" name="offsetSet" visibility="public" complexity="2" crap="2" count="1"/>
        <line num="792" type="stmt" count="1"/>
        <line num="793" type="stmt" count="1"/>
        <line num="794" type="stmt" count="1"/>
        <line num="795" type="stmt" count="1"/>
        <line num="798" type="stmt" count="1"/>
        <line num="800" type="stmt" count="1"/>
        <line num="807" type="method" name="offsetUnset" visibility="public" complexity="1" crap="1" count="3"/>
        <line num="809" type="stmt" count="3"/>
        <line num="810" type="stmt" count="3"/>
        <line num="821" type="method" name="map" visibility="public" complexity="2" crap="2" count="1"/>
        <line num="823" type="stmt" count="1"/>
        <line num="825" type="stmt" count="1"/>
        <line num="826" type="stmt" count="1"/>
        <line num="828" type="stmt" count="1"/>
        <line num="840" type="method" name="filter" visibility="public" complexity="3" crap="3" count="1"/>
        <line num="842" type="stmt" count="1"/>
        <line num="844" type="stmt" count="1"/>
        <line num="845" type="stmt" count="1"/>
        <line num="846" type="stmt" count="1"/>
        <line num="847" type="stmt" count="1"/>
        <line num="848" type="stmt" count="1"/>
        <line num="850" type="stmt" count="1"/>
        <metrics loc="853" ncloc="474" classes="1" methods="44" coveredmethods="44" conditionals="0" coveredconditionals="0" statements="210" coveredstatements="210" elements="254" coveredelements="254"/>
      </file>
    </package>
    <package name="Zver\Exceptions\ArrayHelper">
      <file name="C:\OpenServer\domains\array-helper\src\Zver/Exceptions/ArrayHelper/EmptyArrayException.php">
        <class name="EmptyArrayException" namespace="Zver\Exceptions\ArrayHelper">
          <metrics complexity="0" methods="0" coveredmethods="0" conditionals="0" coveredconditionals="0" statements="0" coveredstatements="0" elements="0" coveredelements="0"/>
        </class>
        <metrics loc="9" ncloc="9" classes="1" methods="0" coveredmethods="0" conditionals="0" coveredconditionals="0" statements="0" coveredstatements="0" elements="0" coveredelements="0"/>
      </file>
      <file name="C:\OpenServer\domains\array-helper\src\Zver/Exceptions/ArrayHelper/UndefinedOffsetException.php">
        <class name="UndefinedOffsetException" namespace="Zver\Exceptions\ArrayHelper">
          <metrics complexity="0" methods="0" coveredmethods="0" conditionals="0" coveredconditionals="0" statements="0" coveredstatements="0" elements="0" coveredelements="0"/>
        </class>
        <metrics loc="9" ncloc="9" classes="1" methods="0" coveredmethods="0" conditionals="0" coveredconditionals="0" statements="0" coveredstatements="0" elements="0" coveredelements="0"/>
      </file>
    </package>
    <metrics files="3" loc="871" ncloc="492" classes="3" methods="44" coveredmethods="44" conditionals="0" coveredconditionals="0" statements="210" coveredstatements="210" elements="254" coveredelements="254"/>
  </project>
</coverage>
